# JRE version: OpenJDK Runtime Environment AdoptOpenJDK (11.0.9.1+1) (build 11.0.9.1+1)
# Java VM: OpenJDK 64-Bit Server VM AdoptOpenJDK (11.0.9.1+1, mixed mode, tiered, compressed oops, g1 gc, windows-amd64)
Heap:
 garbage-first heap   total 157696K, used 10146K [0x0000000081e00000, 0x0000000100000000)
  region size 1024K, 4 young (4096K), 4 survivors (4096K)
 Metaspace       used 27309K, capacity 28135K, committed 28288K, reserved 1075200K
  class space    used 3086K, capacity 3406K, committed 3456K, reserved 1048576K
GC Heap History (10 events):
Event: 0.789 GC heap before
{Heap before GC invocations=0 (full 0):
 garbage-first heap   total 131072K, used 14336K [0x0000000081e00000, 0x0000000100000000)
  region size 1024K, 14 young (14336K), 0 survivors (0K)
 Metaspace       used 12880K, capacity 13248K, committed 13440K, reserved 1060864K
  class space    used 1291K, capacity 1404K, committed 1408K, reserved 1048576K
}
Event: 0.796 GC heap after
{Heap after GC invocations=1 (full 0):
 garbage-first heap   total 131072K, used 6125K [0x0000000081e00000, 0x0000000100000000)
  region size 1024K, 2 young (2048K), 2 survivors (2048K)
 Metaspace       used 12880K, capacity 13248K, committed 13440K, reserved 1060864K
  class space    used 1291K, capacity 1404K, committed 1408K, reserved 1048576K
}
Event: 0.989 GC heap before
{Heap before GC invocations=1 (full 0):
 garbage-first heap   total 131072K, used 15341K [0x0000000081e00000, 0x0000000100000000)
  region size 1024K, 11 young (11264K), 2 survivors (2048K)
 Metaspace       used 15034K, capacity 15386K, committed 15488K, reserved 1062912K
  class space    used 1521K, capacity 1650K, committed 1664K, reserved 1048576K
}
Event: 0.993 GC heap after
{Heap after GC invocations=2 (full 0):
 garbage-first heap   total 131072K, used 7213K [0x0000000081e00000, 0x0000000100000000)
  region size 1024K, 1 young (1024K), 1 survivors (1024K)
 Metaspace       used 15034K, capacity 15386K, committed 15488K, reserved 1062912K
  class space    used 1521K, capacity 1650K, committed 1664K, reserved 1048576K
}
Event: 1.074 GC heap before
{Heap before GC invocations=2 (full 0):
 garbage-first heap   total 131072K, used 31789K [0x0000000081e00000, 0x0000000100000000)
  region size 1024K, 26 young (26624K), 1 survivors (1024K)
 Metaspace       used 15898K, capacity 16310K, committed 16384K, reserved 1064960K
  class space    used 1623K, capacity 1767K, committed 1792K, reserved 1048576K
}
Event: 1.076 GC heap after
{Heap after GC invocations=3 (full 0):
 garbage-first heap   total 131072K, used 7429K [0x0000000081e00000, 0x0000000100000000)
  region size 1024K, 2 young (2048K), 2 survivors (2048K)
 Metaspace       used 15898K, capacity 16310K, committed 16384K, reserved 1064960K
  class space    used 1623K, capacity 1767K, committed 1792K, reserved 1048576K
}
Event: 1.504 GC heap before
{Heap before GC invocations=3 (full 0):
 garbage-first heap   total 131072K, used 45317K [0x0000000081e00000, 0x0000000100000000)
  region size 1024K, 40 young (40960K), 2 survivors (2048K)
 Metaspace       used 19360K, capacity 19960K, committed 20096K, reserved 1067008K
  class space    used 2078K, capacity 2314K, committed 2432K, reserved 1048576K
}
Event: 1.514 GC heap after
{Heap after GC invocations=4 (full 0):
 garbage-first heap   total 131072K, used 8354K [0x0000000081e00000, 0x0000000100000000)
  region size 1024K, 3 young (3072K), 3 survivors (3072K)
 Metaspace       used 19360K, capacity 19960K, committed 20096K, reserved 1067008K
  class space    used 2078K, capacity 2314K, committed 2432K, reserved 1048576K
}
Event: 1.620 GC heap before
{Heap before GC invocations=4 (full 0):
 garbage-first heap   total 131072K, used 14498K [0x0000000081e00000, 0x0000000100000000)
  region size 1024K, 11 young (11264K), 3 survivors (3072K)
 Metaspace       used 20551K, capacity 21156K, committed 21248K, reserved 1069056K
  class space    used 2251K, capacity 2477K, committed 2560K, reserved 1048576K
}
Event: 1.623 GC heap after
{Heap after GC invocations=5 (full 0):
 garbage-first heap   total 131072K, used 8787K [0x0000000081e00000, 0x0000000100000000)
  region size 1024K, 3 young (3072K), 3 survivors (3072K)
 Metaspace       used 20551K, capacity 21156K, committed 21248K, reserved 1069056K
  class space    used 2251K, capacity 2477K, committed 2560K, reserved 1048576K
}

