# JRE version: OpenJDK Runtime Environment AdoptOpenJDK (11.0.9.1+1) (build 11.0.9.1+1)
# Java VM: OpenJDK 64-Bit Server VM AdoptOpenJDK (11.0.9.1+1, mixed mode, tiered, compressed oops, g1 gc, windows-amd64)
Heap:
 garbage-first heap   total 131072K, used 27238K [0x0000000081e00000, 0x0000000100000000)
  region size 1024K, 22 young (22528K), 6 survivors (6144K)
 Metaspace       used 33747K, capacity 34683K, committed 34816K, reserved 1079296K
  class space    used 3920K, capacity 4283K, committed 4352K, reserved 1048576K
GC Heap History (14 events):
Event: 1.081 GC heap before
{Heap before GC invocations=0 (full 0):
 garbage-first heap   total 131072K, used 14336K [0x0000000081e00000, 0x0000000100000000)
  region size 1024K, 14 young (14336K), 0 survivors (0K)
 Metaspace       used 12962K, capacity 13312K, committed 13440K, reserved 1060864K
  class space    used 1298K, capacity 1404K, committed 1408K, reserved 1048576K
}
Event: 1.096 GC heap after
{Heap after GC invocations=1 (full 0):
 garbage-first heap   total 131072K, used 6024K [0x0000000081e00000, 0x0000000100000000)
  region size 1024K, 2 young (2048K), 2 survivors (2048K)
 Metaspace       used 12962K, capacity 13312K, committed 13440K, reserved 1060864K
  class space    used 1298K, capacity 1404K, committed 1408K, reserved 1048576K
}
Event: 1.505 GC heap before
{Heap before GC invocations=1 (full 0):
 garbage-first heap   total 131072K, used 13192K [0x0000000081e00000, 0x0000000100000000)
  region size 1024K, 9 young (9216K), 2 survivors (2048K)
 Metaspace       used 14871K, capacity 15290K, committed 15488K, reserved 1062912K
  class space    used 1497K, capacity 1618K, committed 1664K, reserved 1048576K
}
Event: 1.509 GC heap after
{Heap after GC invocations=2 (full 0):
 garbage-first heap   total 131072K, used 6913K [0x0000000081e00000, 0x0000000100000000)
  region size 1024K, 1 young (1024K), 1 survivors (1024K)
 Metaspace       used 14871K, capacity 15290K, committed 15488K, reserved 1062912K
  class space    used 1497K, capacity 1618K, committed 1664K, reserved 1048576K
}
Event: 1.751 GC heap before
{Heap before GC invocations=2 (full 0):
 garbage-first heap   total 131072K, used 29441K [0x0000000081e00000, 0x0000000100000000)
  region size 1024K, 24 young (24576K), 1 survivors (1024K)
 Metaspace       used 15944K, capacity 16374K, committed 16640K, reserved 1064960K
  class space    used 1622K, capacity 1767K, committed 1792K, reserved 1048576K
}
Event: 1.753 GC heap after
{Heap after GC invocations=3 (full 0):
 garbage-first heap   total 131072K, used 7293K [0x0000000081e00000, 0x0000000100000000)
  region size 1024K, 2 young (2048K), 2 survivors (2048K)
 Metaspace       used 15944K, capacity 16374K, committed 16640K, reserved 1064960K
  class space    used 1622K, capacity 1767K, committed 1792K, reserved 1048576K
}
Event: 2.582 GC heap before
{Heap before GC invocations=3 (full 0):
 garbage-first heap   total 131072K, used 42109K [0x0000000081e00000, 0x0000000100000000)
  region size 1024K, 37 young (37888K), 2 survivors (2048K)
 Metaspace       used 18578K, capacity 19077K, committed 19328K, reserved 1067008K
  class space    used 1957K, capacity 2143K, committed 2176K, reserved 1048576K
}
Event: 2.689 GC heap after
{Heap after GC invocations=4 (full 0):
 garbage-first heap   total 131072K, used 7947K [0x0000000081e00000, 0x0000000100000000)
  region size 1024K, 2 young (2048K), 2 survivors (2048K)
 Metaspace       used 18578K, capacity 19077K, committed 19328K, reserved 1067008K
  class space    used 1957K, capacity 2143K, committed 2176K, reserved 1048576K
}
Event: 3.308 GC heap before
{Heap before GC invocations=4 (full 0):
 garbage-first heap   total 131072K, used 19211K [0x0000000081e00000, 0x0000000100000000)
  region size 1024K, 15 young (15360K), 2 survivors (2048K)
 Metaspace       used 20566K, capacity 21141K, committed 21248K, reserved 1069056K
  class space    used 2250K, capacity 2472K, committed 2560K, reserved 1048576K
}
Event: 3.311 GC heap after
{Heap after GC invocations=5 (full 0):
 garbage-first heap   total 131072K, used 8685K [0x0000000081e00000, 0x0000000100000000)
  region size 1024K, 3 young (3072K), 3 survivors (3072K)
 Metaspace       used 20566K, capacity 21141K, committed 21248K, reserved 1069056K
  class space    used 2250K, capacity 2472K, committed 2560K, reserved 1048576K
}
Event: 4.655 GC heap before
{Heap before GC invocations=6 (full 0):
 garbage-first heap   total 131072K, used 67053K [0x0000000081e00000, 0x0000000100000000)
  region size 1024K, 61 young (62464K), 3 survivors (3072K)
 Metaspace       used 26901K, capacity 27675K, committed 27776K, reserved 1073152K
  class space    used 3048K, capacity 3361K, committed 3456K, reserved 1048576K
}
Event: 4.660 GC heap after
{Heap after GC invocations=7 (full 0):
 garbage-first heap   total 131072K, used 9923K [0x0000000081e00000, 0x0000000100000000)
  region size 1024K, 4 young (4096K), 4 survivors (4096K)
 Metaspace       used 26901K, capacity 27675K, committed 27776K, reserved 1073152K
  class space    used 3048K, capacity 3361K, committed 3456K, reserved 1048576K
}
Event: 7.946 GC heap before
{Heap before GC invocations=7 (full 0):
 garbage-first heap   total 131072K, used 77507K [0x0000000081e00000, 0x0000000100000000)
  region size 1024K, 71 young (72704K), 4 survivors (4096K)
 Metaspace       used 31558K, capacity 32496K, committed 32768K, reserved 1077248K
  class space    used 3617K, capacity 3992K, committed 4096K, reserved 1048576K
}
Event: 7.953 GC heap after
{Heap after GC invocations=8 (full 0):
 garbage-first heap   total 131072K, used 11878K [0x0000000081e00000, 0x0000000100000000)
  region size 1024K, 6 young (6144K), 6 survivors (6144K)
 Metaspace       used 31558K, capacity 32496K, committed 32768K, reserved 1077248K
  class space    used 3617K, capacity 3992K, committed 4096K, reserved 1048576K
}

