# JRE version: OpenJDK Runtime Environment AdoptOpenJDK (11.0.9.1+1) (build 11.0.9.1+1)
# Java VM: OpenJDK 64-Bit Server VM AdoptOpenJDK (11.0.9.1+1, mixed mode, tiered, compressed oops, g1 gc, windows-amd64)
Heap:
 garbage-first heap   total 157696K, used 97764K [0x0000000081e00000, 0x0000000100000000)
  region size 1024K, 92 young (94208K), 5 survivors (5120K)
 Metaspace       used 32555K, capacity 33620K, committed 33968K, reserved 1081344K
  class space    used 3850K, capacity 4257K, committed 4352K, reserved 1048576K
GC Heap History (10 events):
Event: 0.500 GC heap before
{Heap before GC invocations=0 (full 0):
 garbage-first heap   total 131072K, used 14336K [0x0000000081e00000, 0x0000000100000000)
  region size 1024K, 14 young (14336K), 0 survivors (0K)
 Metaspace       used 8989K, capacity 9193K, committed 9472K, reserved 1058816K
  class space    used 850K, capacity 899K, committed 1024K, reserved 1048576K
}
Event: 0.504 GC heap after
{Heap after GC invocations=1 (full 0):
 garbage-first heap   total 131072K, used 6500K [0x0000000081e00000, 0x0000000100000000)
  region size 1024K, 2 young (2048K), 2 survivors (2048K)
 Metaspace       used 8989K, capacity 9193K, committed 9472K, reserved 1058816K
  class space    used 850K, capacity 899K, committed 1024K, reserved 1048576K
}
Event: 0.738 GC heap before
{Heap before GC invocations=1 (full 0):
 garbage-first heap   total 131072K, used 18788K [0x0000000081e00000, 0x0000000100000000)
  region size 1024K, 14 young (14336K), 2 survivors (2048K)
 Metaspace       used 11457K, capacity 11941K, committed 12160K, reserved 1060864K
  class space    used 1205K, capacity 1375K, committed 1408K, reserved 1048576K
}
Event: 0.742 GC heap after
{Heap after GC invocations=2 (full 0):
 garbage-first heap   total 131072K, used 6763K [0x0000000081e00000, 0x0000000100000000)
  region size 1024K, 1 young (1024K), 1 survivors (1024K)
 Metaspace       used 11457K, capacity 11941K, committed 12160K, reserved 1060864K
  class space    used 1205K, capacity 1375K, committed 1408K, reserved 1048576K
}
Event: 1.327 GC heap before
{Heap before GC invocations=2 (full 0):
 garbage-first heap   total 131072K, used 41579K [0x0000000081e00000, 0x0000000100000000)
  region size 1024K, 35 young (35840K), 1 survivors (1024K)
 Metaspace       used 17924K, capacity 18566K, committed 18816K, reserved 1067008K
  class space    used 1952K, capacity 2161K, committed 2176K, reserved 1048576K
}
Event: 1.332 GC heap after
{Heap after GC invocations=3 (full 0):
 garbage-first heap   total 131072K, used 8512K [0x0000000081e00000, 0x0000000100000000)
  region size 1024K, 3 young (3072K), 3 survivors (3072K)
 Metaspace       used 17924K, capacity 18566K, committed 18816K, reserved 1067008K
  class space    used 1952K, capacity 2161K, committed 2176K, reserved 1048576K
}
Event: 1.637 GC heap before
{Heap before GC invocations=3 (full 0):
 garbage-first heap   total 131072K, used 23872K [0x0000000081e00000, 0x0000000100000000)
  region size 1024K, 20 young (20480K), 3 survivors (3072K)
 Metaspace       used 20440K, capacity 21109K, committed 21296K, reserved 1069056K
  class space    used 2315K, capacity 2563K, committed 2688K, reserved 1048576K
}
Event: 1.641 GC heap after
{Heap after GC invocations=4 (full 0):
 garbage-first heap   total 131072K, used 9561K [0x0000000081e00000, 0x0000000100000000)
  region size 1024K, 4 young (4096K), 4 survivors (4096K)
 Metaspace       used 20440K, capacity 21109K, committed 21296K, reserved 1069056K
  class space    used 2315K, capacity 2563K, committed 2688K, reserved 1048576K
}
Event: 2.010 GC heap before
{Heap before GC invocations=5 (full 0):
 garbage-first heap   total 131072K, used 65881K [0x0000000081e00000, 0x0000000100000000)
  region size 1024K, 60 young (61440K), 4 survivors (4096K)
 Metaspace       used 26636K, capacity 27447K, committed 27696K, reserved 1073152K
  class space    used 3090K, capacity 3410K, committed 3456K, reserved 1048576K
}
Event: 2.016 GC heap after
{Heap after GC invocations=6 (full 0):
 garbage-first heap   total 157696K, used 10724K [0x0000000081e00000, 0x0000000100000000)
  region size 1024K, 5 young (5120K), 5 survivors (5120K)
 Metaspace       used 26636K, capacity 27447K, committed 27696K, reserved 1073152K
  class space    used 3090K, capacity 3410K, committed 3456K, reserved 1048576K
}

