# JRE version: OpenJDK Runtime Environment AdoptOpenJDK (11.0.9.1+1) (build 11.0.9.1+1)
# Java VM: OpenJDK 64-Bit Server VM AdoptOpenJDK (11.0.9.1+1, mixed mode, tiered, compressed oops, g1 gc, windows-amd64)
Heap:
 garbage-first heap   total 157696K, used 64618K [0x0000000081e00000, 0x0000000100000000)
  region size 1024K, 58 young (59392K), 8 survivors (8192K)
 Metaspace       used 43759K, capacity 44982K, committed 45056K, reserved 1089536K
  class space    used 5399K, capacity 5887K, committed 5888K, reserved 1048576K
GC Heap History (14 events):
Event: 0.501 GC heap before
{Heap before GC invocations=0 (full 0):
 garbage-first heap   total 131072K, used 14336K [0x0000000081e00000, 0x0000000100000000)
  region size 1024K, 14 young (14336K), 0 survivors (0K)
 Metaspace       used 9038K, capacity 9206K, committed 9472K, reserved 1058816K
  class space    used 854K, capacity 903K, committed 1024K, reserved 1048576K
}
Event: 0.506 GC heap after
{Heap after GC invocations=1 (full 0):
 garbage-first heap   total 131072K, used 6464K [0x0000000081e00000, 0x0000000100000000)
  region size 1024K, 2 young (2048K), 2 survivors (2048K)
 Metaspace       used 9038K, capacity 9206K, committed 9472K, reserved 1058816K
  class space    used 854K, capacity 903K, committed 1024K, reserved 1048576K
}
Event: 0.748 GC heap before
{Heap before GC invocations=1 (full 0):
 garbage-first heap   total 131072K, used 16704K [0x0000000081e00000, 0x0000000100000000)
  region size 1024K, 12 young (12288K), 2 survivors (2048K)
 Metaspace       used 11124K, capacity 11595K, committed 11904K, reserved 1060864K
  class space    used 1156K, capacity 1322K, committed 1408K, reserved 1048576K
}
Event: 0.751 GC heap after
{Heap after GC invocations=2 (full 0):
 garbage-first heap   total 131072K, used 6878K [0x0000000081e00000, 0x0000000100000000)
  region size 1024K, 1 young (1024K), 1 survivors (1024K)
 Metaspace       used 11124K, capacity 11595K, committed 11904K, reserved 1060864K
  class space    used 1156K, capacity 1322K, committed 1408K, reserved 1048576K
}
Event: 1.296 GC heap before
{Heap before GC invocations=2 (full 0):
 garbage-first heap   total 131072K, used 37598K [0x0000000081e00000, 0x0000000100000000)
  region size 1024K, 31 young (31744K), 1 survivors (1024K)
 Metaspace       used 17516K, capacity 18118K, committed 18304K, reserved 1064960K
  class space    used 1887K, capacity 2096K, committed 2176K, reserved 1048576K
}
Event: 1.300 GC heap after
{Heap after GC invocations=3 (full 0):
 garbage-first heap   total 131072K, used 8514K [0x0000000081e00000, 0x0000000100000000)
  region size 1024K, 3 young (3072K), 3 survivors (3072K)
 Metaspace       used 17516K, capacity 18118K, committed 18304K, reserved 1064960K
  class space    used 1887K, capacity 2096K, committed 2176K, reserved 1048576K
}
Event: 1.687 GC heap before
{Heap before GC invocations=3 (full 0):
 garbage-first heap   total 131072K, used 27970K [0x0000000081e00000, 0x0000000100000000)
  region size 1024K, 23 young (23552K), 3 survivors (3072K)
 Metaspace       used 20333K, capacity 21068K, committed 21248K, reserved 1069056K
  class space    used 2285K, capacity 2551K, committed 2560K, reserved 1048576K
}
Event: 1.692 GC heap after
{Heap after GC invocations=4 (full 0):
 garbage-first heap   total 131072K, used 9465K [0x0000000081e00000, 0x0000000100000000)
  region size 1024K, 3 young (3072K), 3 survivors (3072K)
 Metaspace       used 20333K, capacity 21068K, committed 21248K, reserved 1069056K
  class space    used 2285K, capacity 2551K, committed 2560K, reserved 1048576K
}
Event: 2.142 GC heap before
{Heap before GC invocations=5 (full 0):
 garbage-first heap   total 131072K, used 68857K [0x0000000081e00000, 0x0000000100000000)
  region size 1024K, 62 young (63488K), 3 survivors (3072K)
 Metaspace       used 26560K, capacity 27403K, committed 27520K, reserved 1073152K
  class space    used 3066K, capacity 3413K, committed 3456K, reserved 1048576K
}
Event: 2.147 GC heap after
{Heap after GC invocations=6 (full 0):
 garbage-first heap   total 131072K, used 10879K [0x0000000081e00000, 0x0000000100000000)
  region size 1024K, 5 young (5120K), 5 survivors (5120K)
 Metaspace       used 26560K, capacity 27403K, committed 27520K, reserved 1073152K
  class space    used 3066K, capacity 3413K, committed 3456K, reserved 1048576K
}
Event: 3.090 GC heap before
{Heap before GC invocations=6 (full 0):
 garbage-first heap   total 131072K, used 78463K [0x0000000081e00000, 0x0000000100000000)
  region size 1024K, 72 young (73728K), 5 survivors (5120K)
 Metaspace       used 31014K, capacity 32023K, committed 32256K, reserved 1077248K
  class space    used 3648K, capacity 4054K, committed 4096K, reserved 1048576K
}
Event: 3.099 GC heap after
{Heap after GC invocations=7 (full 0):
 garbage-first heap   total 157696K, used 12727K [0x0000000081e00000, 0x0000000100000000)
  region size 1024K, 7 young (7168K), 7 survivors (7168K)
 Metaspace       used 31014K, capacity 32023K, committed 32256K, reserved 1077248K
  class space    used 3648K, capacity 4054K, committed 4096K, reserved 1048576K
}
Event: 4.192 GC heap before
{Heap before GC invocations=7 (full 0):
 garbage-first heap   total 157696K, used 46519K [0x0000000081e00000, 0x0000000100000000)
  region size 1024K, 41 young (41984K), 7 survivors (7168K)
 Metaspace       used 34312K, capacity 35512K, committed 35584K, reserved 1081344K
  class space    used 4075K, capacity 4569K, committed 4608K, reserved 1048576K
}
Event: 4.208 GC heap after
{Heap after GC invocations=8 (full 0):
 garbage-first heap   total 157696K, used 14442K [0x0000000081e00000, 0x0000000100000000)
  region size 1024K, 8 young (8192K), 8 survivors (8192K)
 Metaspace       used 34312K, capacity 35512K, committed 35584K, reserved 1081344K
  class space    used 4075K, capacity 4569K, committed 4608K, reserved 1048576K
}

